[0m10:51:07.322531 [debug] [MainThread]: Sending event: {'category': 'dbt', 'action': 'invocation', 'label': 'start', 'context': [<snowplow_tracker.self_describing_json.SelfDescribingJson object at 0x00000149FCBAC550>, <snowplow_tracker.self_describing_json.SelfDescribingJson object at 0x00000149FCBAF250>, <snowplow_tracker.self_describing_json.SelfDescribingJson object at 0x00000149FDC9FD50>]}


============================== 10:51:07.347301 | 947b7925-89c9-4da5-992f-6c3b3332fdfa ==============================
[0m10:51:07.347301 [info ] [MainThread]: Running with dbt=1.11.11
[0m10:51:07.347301 [debug] [MainThread]: running dbt with arguments {'static_parser': 'True', 'no_print': 'None', 'version_check': 'True', 'warn_error_options': 'WarnErrorOptionsV2(error=[], warn=[], silence=[])', 'target_path': 'None', 'printer_width': '80', 'write_json': 'True', 'introspect': 'True', 'log_cache_events': 'False', 'empty': 'None', 'cache_selected_only': 'False', 'fail_fast': 'False', 'debug': 'False', 'log_format': 'default', 'profiles_dir': 'C:\\Users\\galih\\.dbt', 'send_anonymous_usage_stats': 'True', 'quiet': 'False', 'warn_error': 'None', 'partial_parse': 'True', 'indirect_selection': 'eager', 'invocation_command': 'dbt init dbt_project', 'use_colors': 'True', 'use_experimental_parser': 'False', 'log_path': 'logs'}
[0m10:51:07.401741 [info ] [MainThread]: Creating dbt configuration folder at C:\Users\galih\.dbt
[0m10:51:07.403740 [info ] [MainThread]: A project called dbt_project already exists here.
[0m10:51:07.406161 [debug] [MainThread]: Command `dbt init` succeeded at 10:51:07.406161 after 0.18 seconds
[0m10:51:07.406161 [debug] [MainThread]: Sending event: {'category': 'dbt', 'action': 'invocation', 'label': 'end', 'context': [<snowplow_tracker.self_describing_json.SelfDescribingJson object at 0x00000149FDC374D0>, <snowplow_tracker.self_describing_json.SelfDescribingJson object at 0x00000149F60821D0>, <snowplow_tracker.self_describing_json.SelfDescribingJson object at 0x00000149FCBACF90>]}
[0m10:51:07.407158 [debug] [MainThread]: Flushing usage events
[0m10:51:09.015590 [debug] [MainThread]: An error was encountered while trying to flush usage events
[0m10:52:08.435067 [debug] [MainThread]: Sending event: {'category': 'dbt', 'action': 'invocation', 'label': 'start', 'context': [<snowplow_tracker.self_describing_json.SelfDescribingJson object at 0x0000016A1309FF90>, <snowplow_tracker.self_describing_json.SelfDescribingJson object at 0x0000016A11FBBB90>, <snowplow_tracker.self_describing_json.SelfDescribingJson object at 0x0000016A1309EC10>]}


============================== 10:52:08.435067 | cb2ed712-70c9-4e0a-ac9b-965913a47cf3 ==============================
[0m10:52:08.435067 [info ] [MainThread]: Running with dbt=1.11.11
[0m10:52:08.449583 [debug] [MainThread]: running dbt with arguments {'static_parser': 'True', 'no_print': 'None', 'version_check': 'True', 'target_path': 'None', 'warn_error_options': 'WarnErrorOptionsV2(error=[], warn=[], silence=[])', 'printer_width': '80', 'write_json': 'True', 'introspect': 'True', 'log_cache_events': 'False', 'empty': 'None', 'cache_selected_only': 'False', 'fail_fast': 'False', 'debug': 'False', 'log_format': 'default', 'partial_parse': 'True', 'send_anonymous_usage_stats': 'True', 'quiet': 'False', 'warn_error': 'None', 'profiles_dir': 'C:\\Users\\galih\\.dbt', 'indirect_selection': 'eager', 'use_colors': 'True', 'invocation_command': 'dbt init dbt_temp', 'use_experimental_parser': 'False', 'log_path': 'logs'}
[0m10:52:08.482349 [debug] [MainThread]: Starter project path: C:\Users\galih\AppData\Local\Programs\Python\Python311\Lib\site-packages\dbt\include\starter_project
[0m10:52:08.563024 [info ] [MainThread]: 
Your new dbt project "dbt_temp" was created!

For more information on how to configure the profiles.yml file,
please consult the dbt documentation here:

  https://docs.getdbt.com/docs/configure-your-profile

One more thing:

Need help? Don't hesitate to reach out to us via GitHub issues or on Slack:

  https://community.getdbt.com/

Happy modeling!

[0m10:52:08.563024 [info ] [MainThread]: Setting up your profile.
[0m10:52:15.307308 [info ] [MainThread]: Profile dbt_temp written to C:\Users\galih\.dbt\profiles.yml using target's sample configuration. Once updated, you'll be able to start developing with dbt.
[0m10:52:15.307308 [debug] [MainThread]: Command `dbt init` succeeded at 10:52:15.307308 after 6.96 seconds
[0m10:52:15.307308 [debug] [MainThread]: Sending event: {'category': 'dbt', 'action': 'invocation', 'label': 'end', 'context': [<snowplow_tracker.self_describing_json.SelfDescribingJson object at 0x0000016A1303B810>, <snowplow_tracker.self_describing_json.SelfDescribingJson object at 0x0000016A1309DE50>, <snowplow_tracker.self_describing_json.SelfDescribingJson object at 0x0000016A0B4921D0>]}
[0m10:52:15.307308 [debug] [MainThread]: Flushing usage events
[0m10:52:17.012148 [debug] [MainThread]: An error was encountered while trying to flush usage events
[0m11:46:19.232571 [debug] [MainThread]: Sending event: {'category': 'dbt', 'action': 'invocation', 'label': 'start', 'context': [<snowplow_tracker.self_describing_json.SelfDescribingJson object at 0x000001DAFAC283D0>, <snowplow_tracker.self_describing_json.SelfDescribingJson object at 0x000001DAFF4C9610>, <snowplow_tracker.self_describing_json.SelfDescribingJson object at 0x000001DAFDCF7F50>]}


============================== 11:46:19.238627 | 601ae1b4-be8f-43ad-bac0-be92f8c932c1 ==============================
[0m11:46:19.238627 [info ] [MainThread]: Running with dbt=1.11.11
[0m11:46:19.238627 [debug] [MainThread]: running dbt with arguments {'static_parser': 'True', 'no_print': 'None', 'version_check': 'True', 'target_path': 'None', 'warn_error_options': 'WarnErrorOptionsV2(error=[], warn=[], silence=[])', 'printer_width': '80', 'write_json': 'True', 'empty': 'False', 'log_cache_events': 'False', 'introspect': 'True', 'cache_selected_only': 'False', 'log_format': 'default', 'debug': 'False', 'fail_fast': 'False', 'partial_parse': 'True', 'send_anonymous_usage_stats': 'True', 'quiet': 'False', 'warn_error': 'None', 'profiles_dir': 'C:\\Users\\galih\\.dbt', 'indirect_selection': 'eager', 'invocation_command': 'dbt run --select stg_order_items', 'use_colors': 'True', 'use_experimental_parser': 'False', 'log_path': 'logs'}
[0m11:46:19.241763 [error] [MainThread]: Encountered an error:
Runtime Error
  No dbt_project.yml found at expected path D:\Documents\Portofolio Projects\olistinsight\dbt_project.yml
  Verify that each entry within packages.yml (and their transitive dependencies) contains a file named dbt_project.yml
  
[0m11:46:19.241763 [debug] [MainThread]: Command `dbt run` failed at 11:46:19.241763 after 0.11 seconds
[0m11:46:19.241763 [debug] [MainThread]: Sending event: {'category': 'dbt', 'action': 'invocation', 'label': 'end', 'context': [<snowplow_tracker.self_describing_json.SelfDescribingJson object at 0x000001DAFF5AFED0>, <snowplow_tracker.self_describing_json.SelfDescribingJson object at 0x000001DAFF5AFFD0>, <snowplow_tracker.self_describing_json.SelfDescribingJson object at 0x000001DAFF596F50>]}
[0m11:46:19.241763 [debug] [MainThread]: Flushing usage events
[0m11:46:20.790901 [debug] [MainThread]: An error was encountered while trying to flush usage events
